2026-04-20 10:45:21,744 [INFO] ╔══════════════════════════════════════╗
2026-04-20 10:45:21,744 [INFO] ║       Swatch Catalog Scraper         ║
2026-04-20 10:45:21,744 [INFO] ╚══════════════════════════════════════╝
2026-04-20 10:45:21,744 [INFO] Resuming — 0 products already in CSV.
2026-04-20 10:45:22,401 [INFO] === PHASE 1: Collecting product URLs ===
2026-04-20 10:45:28,140 [INFO]   [AJAX] Fetching finder offset 0…
2026-04-20 10:45:28,783 [INFO]   Collected 24 URLs so far…
2026-04-20 10:45:31,786 [INFO]   [AJAX] Fetching finder offset 24…
2026-04-20 10:45:32,437 [INFO]   Collected 48 URLs so far…
2026-04-20 10:45:35,438 [INFO]   [AJAX] Fetching finder offset 48…
2026-04-20 10:45:36,466 [INFO]   Collected 72 URLs so far…
2026-04-20 12:24:44,890 [INFO] ==========================================
2026-04-20 12:24:44,890 [INFO]          Swatch Catalog Scraper           
2026-04-20 12:24:44,890 [INFO] ==========================================
2026-04-20 12:24:44,890 [INFO] Resuming — 0 products already in CSV.
2026-04-20 12:24:45,538 [INFO] === PHASE 1: Collecting product URLs ===
2026-04-20 12:24:49,509 [INFO]   [AJAX] Fetching finder offset 0…
2026-04-20 12:24:49,737 [INFO]   Collected 24 URLs so far…
2026-04-20 12:24:52,741 [INFO]   [AJAX] Fetching finder offset 24…
2026-04-20 12:24:53,296 [INFO]   Collected 48 URLs so far…
